TN:
SF:C:\vipdata\vipproject\jiagou2019\egg-news\app.js
FN:1,(anonymous_0)
FNF:1
FNH:1
FNDA:1,(anonymous_0)
DA:1,1
LF:1
LH:1
BRF:0
BRH:0
end_of_record
TN:
SF:C:\vipdata\vipproject\jiagou2019\egg-news\app\router.js
FN:2,(anonymous_0)
FNF:1
FNH:1
FNDA:1,(anonymous_0)
DA:2,1
DA:4,1
DA:5,1
DA:6,1
DA:7,1
DA:8,1
LF:6
LH:6
BRF:0
BRH:0
end_of_record
TN:
SF:C:\vipdata\vipproject\jiagou2019\egg-news\app\controller\admin.js
FN:4,(anonymous_0)
FN:7,(anonymous_1)
FNF:2
FNH:0
FNDA:0,(anonymous_0)
FNDA:0,(anonymous_1)
DA:1,1
DA:2,1
DA:5,0
DA:8,0
DA:9,0
DA:10,0
DA:11,0
DA:12,0
DA:15,1
LF:9
LH:3
BRDA:10,0,0,0
BRDA:10,0,1,0
BRF:2
BRH:0
end_of_record
TN:
SF:C:\vipdata\vipproject\jiagou2019\egg-news\app\controller\news.js
FN:4,(anonymous_0)
FNF:1
FNH:0
FNDA:0,(anonymous_0)
DA:1,1
DA:5,0
DA:7,0
DA:8,0
DA:13,0
DA:16,0
DA:19,1
LF:7
LH:2
BRDA:7,0,0,0
BRDA:7,0,1,0
BRDA:13,1,0,0
BRDA:13,1,1,0
BRF:4
BRH:0
end_of_record
TN:
SF:C:\vipdata\vipproject\jiagou2019\egg-news\app\controller\users.js
FN:2,toInt
FN:10,(anonymous_1)
FN:16,(anonymous_2)
FN:21,(anonymous_3)
FN:29,(anonymous_4)
FN:41,(anonymous_5)
FNF:6
FNH:5
FNDA:5,toInt
FNDA:1,(anonymous_1)
FNDA:2,(anonymous_2)
FNDA:1,(anonymous_3)
FNDA:0,(anonymous_4)
FNDA:1,(anonymous_5)
DA:1,1
DA:3,5
DA:4,0
DA:6,5
DA:7,5
DA:11,1
DA:12,1
DA:13,1
DA:14,1
DA:17,2
DA:18,2
DA:22,1
DA:23,1
DA:24,1
DA:26,1
DA:27,1
DA:30,0
DA:31,0
DA:32,0
DA:33,0
DA:34,0
DA:35,0
DA:37,0
DA:38,0
DA:39,0
DA:42,1
DA:43,1
DA:44,1
DA:45,1
DA:46,0
DA:47,0
DA:49,1
DA:50,1
DA:53,1
LF:34
LH:22
BRDA:3,0,0,0
BRDA:3,0,1,5
BRDA:6,1,0,0
BRDA:6,1,1,5
BRDA:7,2,0,5
BRDA:7,2,1,0
BRDA:33,3,0,0
BRDA:33,3,1,0
BRDA:45,4,0,0
BRDA:45,4,1,1
BRF:10
BRH:4
end_of_record
TN:
SF:C:\vipdata\vipproject\jiagou2019\egg-news\app\extend\application.js
FN:4,(anonymous_0)
FN:7,(anonymous_1)
FNF:2
FNH:0
FNDA:0,(anonymous_0)
FNDA:0,(anonymous_1)
DA:2,1
DA:3,1
DA:5,0
DA:8,0
LF:4
LH:2
BRF:0
BRH:0
end_of_record
TN:
SF:C:\vipdata\vipproject\jiagou2019\egg-news\app\extend\context.js
FN:2,(anonymous_0)
FNF:1
FNH:0
FNDA:0,(anonymous_0)
DA:2,1
DA:3,0
LF:2
LH:1
BRF:0
BRH:0
end_of_record
TN:
SF:C:\vipdata\vipproject\jiagou2019\egg-news\app\extend\helper.js
FN:3,(anonymous_0)
FN:5,(anonymous_1)
FNF:2
FNH:0
FNDA:0,(anonymous_0)
FNDA:0,(anonymous_1)
DA:1,1
DA:2,1
DA:3,1
DA:5,1
DA:6,0
DA:7,0
DA:8,0
DA:10,0
LF:8
LH:4
BRDA:7,0,0,0
BRDA:7,0,1,0
BRF:2
BRH:0
end_of_record
TN:
SF:C:\vipdata\vipproject\jiagou2019\egg-news\app\extend\request.js
FN:2,(anonymous_0)
FNF:1
FNH:0
FNDA:0,(anonymous_0)
DA:1,1
DA:3,0
DA:4,0
DA:5,0
LF:4
LH:1
BRF:0
BRH:0
end_of_record
TN:
SF:C:\vipdata\vipproject\jiagou2019\egg-news\app\extend\response.js
FN:2,(anonymous_0)
FNF:1
FNH:0
FNDA:0,(anonymous_0)
DA:1,1
DA:3,0
LF:2
LH:1
BRF:0
BRH:0
end_of_record
TN:
SF:C:\vipdata\vipproject\jiagou2019\egg-news\app\middleware\robot.js
FN:1,(anonymous_0)
FN:2,(anonymous_1)
FN:7,(anonymous_2)
FNF:3
FNH:3
FNDA:1,(anonymous_0)
FNDA:5,(anonymous_1)
FNDA:5,(anonymous_2)
DA:1,1
DA:2,1
DA:5,5
DA:7,5
DA:8,5
DA:9,0
DA:10,0
DA:12,5
LF:8
LH:6
BRDA:8,0,0,0
BRDA:8,0,1,5
BRF:2
BRH:1
end_of_record
TN:
SF:C:\vipdata\vipproject\jiagou2019\egg-news\app\model\user.js
FN:1,(anonymous_0)
FNF:1
FNH:1
FNDA:2,(anonymous_0)
DA:1,1
DA:2,2
DA:4,2
LF:3
LH:3
BRF:0
BRH:0
end_of_record
TN:
SF:C:\vipdata\vipproject\jiagou2019\egg-news\app\schedule\update_cache.js
FN:6,(anonymous_0)
FN:13,(anonymous_1)
FNF:2
FNH:1
FNDA:6,(anonymous_0)
FNDA:0,(anonymous_1)
DA:1,1
DA:7,6
DA:14,0
DA:15,0
DA:18,1
LF:5
LH:3
BRF:0
BRH:0
end_of_record
TN:
SF:C:\vipdata\vipproject\jiagou2019\egg-news\app\service\news.js
FN:3,(anonymous_0)
FNF:1
FNH:0
FNDA:0,(anonymous_0)
DA:1,1
DA:4,0
DA:12,0
DA:14,0
DA:17,1
LF:5
LH:2
BRDA:3,0,0,0
BRF:1
BRH:0
end_of_record
TN:
SF:C:\vipdata\vipproject\jiagou2019\egg-news\config\config.default.js
FN:4,(anonymous_0)
FNF:1
FNH:1
FNDA:4,(anonymous_0)
DA:4,1
DA:5,4
DA:6,4
DA:7,4
DA:8,4
DA:12,4
DA:16,4
DA:23,4
DA:33,4
DA:40,4
DA:43,4
DA:47,4
DA:50,4
DA:53,4
LF:14
LH:14
BRF:0
BRH:0
end_of_record
TN:
SF:C:\vipdata\vipproject\jiagou2019\egg-news\config\plugin.js
FNF:0
FNH:0
DA:1,1
DA:5,1
DA:10,1
LF:3
LH:3
BRF:0
BRH:0
end_of_record
TN:
SF:C:\vipdata\vipproject\jiagou2019\egg-news\config\locale\en-US.js
FNF:0
FNH:0
DA:1,1
LF:1
LH:1
BRF:0
BRH:0
end_of_record
TN:
SF:C:\vipdata\vipproject\jiagou2019\egg-news\config\locale\zh-CN.js
FNF:0
FNH:0
DA:1,1
LF:1
LH:1
BRF:0
BRH:0
end_of_record
