{"total": {"lines":{"total":117,"covered":76,"skipped":0,"pct":64.96},"statements":{"total":120,"covered":77,"skipped":0,"pct":64.17},"functions":{"total":26,"covered":13,"skipped":0,"pct":50},"branches":{"total":21,"covered":5,"skipped":0,"pct":23.81}}
,"C:\\vipdata\\vipproject\\jiagou2019\\egg-news\\app.js": {"lines":{"total":1,"covered":1,"skipped":0,"pct":100},"functions":{"total":1,"covered":1,"skipped":0,"pct":100},"statements":{"total":1,"covered":1,"skipped":0,"pct":100},"branches":{"total":0,"covered":0,"skipped":0,"pct":100}}
,"C:\\vipdata\\vipproject\\jiagou2019\\egg-news\\app\\router.js": {"lines":{"total":6,"covered":6,"skipped":0,"pct":100},"functions":{"total":1,"covered":1,"skipped":0,"pct":100},"statements":{"total":6,"covered":6,"skipped":0,"pct":100},"branches":{"total":0,"covered":0,"skipped":0,"pct":100}}
,"C:\\vipdata\\vipproject\\jiagou2019\\egg-news\\app\\controller\\admin.js": {"lines":{"total":9,"covered":3,"skipped":0,"pct":33.33},"functions":{"total":2,"covered":0,"skipped":0,"pct":0},"statements":{"total":9,"covered":3,"skipped":0,"pct":33.33},"branches":{"total":2,"covered":0,"skipped":0,"pct":0}}
,"C:\\vipdata\\vipproject\\jiagou2019\\egg-news\\app\\controller\\news.js": {"lines":{"total":7,"covered":2,"skipped":0,"pct":28.57},"functions":{"total":1,"covered":0,"skipped":0,"pct":0},"statements":{"total":7,"covered":2,"skipped":0,"pct":28.57},"branches":{"total":4,"covered":0,"skipped":0,"pct":0}}
,"C:\\vipdata\\vipproject\\jiagou2019\\egg-news\\app\\controller\\users.js": {"lines":{"total":34,"covered":22,"skipped":0,"pct":64.71},"functions":{"total":6,"covered":5,"skipped":0,"pct":83.33},"statements":{"total":35,"covered":22,"skipped":0,"pct":62.86},"branches":{"total":10,"covered":4,"skipped":0,"pct":40}}
,"C:\\vipdata\\vipproject\\jiagou2019\\egg-news\\app\\extend\\application.js": {"lines":{"total":4,"covered":2,"skipped":0,"pct":50},"functions":{"total":2,"covered":0,"skipped":0,"pct":0},"statements":{"total":4,"covered":2,"skipped":0,"pct":50},"branches":{"total":0,"covered":0,"skipped":0,"pct":100}}
,"C:\\vipdata\\vipproject\\jiagou2019\\egg-news\\app\\extend\\context.js": {"lines":{"total":2,"covered":1,"skipped":0,"pct":50},"functions":{"total":1,"covered":0,"skipped":0,"pct":0},"statements":{"total":2,"covered":1,"skipped":0,"pct":50},"branches":{"total":0,"covered":0,"skipped":0,"pct":100}}
,"C:\\vipdata\\vipproject\\jiagou2019\\egg-news\\app\\extend\\helper.js": {"lines":{"total":8,"covered":4,"skipped":0,"pct":50},"functions":{"total":2,"covered":0,"skipped":0,"pct":0},"statements":{"total":9,"covered":4,"skipped":0,"pct":44.44},"branches":{"total":2,"covered":0,"skipped":0,"pct":0}}
,"C:\\vipdata\\vipproject\\jiagou2019\\egg-news\\app\\extend\\request.js": {"lines":{"total":4,"covered":1,"skipped":0,"pct":25},"functions":{"total":1,"covered":0,"skipped":0,"pct":0},"statements":{"total":4,"covered":1,"skipped":0,"pct":25},"branches":{"total":0,"covered":0,"skipped":0,"pct":100}}
,"C:\\vipdata\\vipproject\\jiagou2019\\egg-news\\app\\extend\\response.js": {"lines":{"total":2,"covered":1,"skipped":0,"pct":50},"functions":{"total":1,"covered":0,"skipped":0,"pct":0},"statements":{"total":2,"covered":1,"skipped":0,"pct":50},"branches":{"total":0,"covered":0,"skipped":0,"pct":100}}
,"C:\\vipdata\\vipproject\\jiagou2019\\egg-news\\app\\middleware\\robot.js": {"lines":{"total":8,"covered":6,"skipped":0,"pct":75},"functions":{"total":3,"covered":3,"skipped":0,"pct":100},"statements":{"total":9,"covered":7,"skipped":0,"pct":77.78},"branches":{"total":2,"covered":1,"skipped":0,"pct":50}}
,"C:\\vipdata\\vipproject\\jiagou2019\\egg-news\\app\\model\\user.js": {"lines":{"total":3,"covered":3,"skipped":0,"pct":100},"functions":{"total":1,"covered":1,"skipped":0,"pct":100},"statements":{"total":3,"covered":3,"skipped":0,"pct":100},"branches":{"total":0,"covered":0,"skipped":0,"pct":100}}
,"C:\\vipdata\\vipproject\\jiagou2019\\egg-news\\app\\schedule\\update_cache.js": {"lines":{"total":5,"covered":3,"skipped":0,"pct":60},"functions":{"total":2,"covered":1,"skipped":0,"pct":50},"statements":{"total":5,"covered":3,"skipped":0,"pct":60},"branches":{"total":0,"covered":0,"skipped":0,"pct":100}}
,"C:\\vipdata\\vipproject\\jiagou2019\\egg-news\\app\\service\\news.js": {"lines":{"total":5,"covered":2,"skipped":0,"pct":40},"functions":{"total":1,"covered":0,"skipped":0,"pct":0},"statements":{"total":5,"covered":2,"skipped":0,"pct":40},"branches":{"total":1,"covered":0,"skipped":0,"pct":0}}
,"C:\\vipdata\\vipproject\\jiagou2019\\egg-news\\config\\config.default.js": {"lines":{"total":14,"covered":14,"skipped":0,"pct":100},"functions":{"total":1,"covered":1,"skipped":0,"pct":100},"statements":{"total":14,"covered":14,"skipped":0,"pct":100},"branches":{"total":0,"covered":0,"skipped":0,"pct":100}}
,"C:\\vipdata\\vipproject\\jiagou2019\\egg-news\\config\\plugin.js": {"lines":{"total":3,"covered":3,"skipped":0,"pct":100},"functions":{"total":0,"covered":0,"skipped":0,"pct":100},"statements":{"total":3,"covered":3,"skipped":0,"pct":100},"branches":{"total":0,"covered":0,"skipped":0,"pct":100}}
,"C:\\vipdata\\vipproject\\jiagou2019\\egg-news\\config\\locale\\en-US.js": {"lines":{"total":1,"covered":1,"skipped":0,"pct":100},"functions":{"total":0,"covered":0,"skipped":0,"pct":100},"statements":{"total":1,"covered":1,"skipped":0,"pct":100},"branches":{"total":0,"covered":0,"skipped":0,"pct":100}}
,"C:\\vipdata\\vipproject\\jiagou2019\\egg-news\\config\\locale\\zh-CN.js": {"lines":{"total":1,"covered":1,"skipped":0,"pct":100},"functions":{"total":0,"covered":0,"skipped":0,"pct":100},"statements":{"total":1,"covered":1,"skipped":0,"pct":100},"branches":{"total":0,"covered":0,"skipped":0,"pct":100}}
}
