{"C:\\vipdata\\vipproject\\jiagou2019\\egg-news\\app.js": {"path":"C:\\vipdata\\vipproject\\jiagou2019\\egg-news\\app.js","statementMap":{"0":{"start":{"line":1,"column":0},"end":{"line":7,"column":1}}},"fnMap":{"0":{"name":"(anonymous_0)","decl":{"start":{"line":1,"column":17},"end":{"line":1,"column":18}},"loc":{"start":{"line":1,"column":23},"end":{"line":7,"column":1}},"line":1}},"branchMap":{},"s":{"0":1},"f":{"0":1},"b":{},"_coverageSchema":"43e27e138ebf9cfc5966b082cf9a028302ed4184","hash":"49ac437dd4869129192129509cad1dbfbfd1478e","contentHash":"8470c79cd929de8d224a904436b5c9832e7cda0648e3e5308beae0f8ec456872"}
,"C:\\vipdata\\vipproject\\jiagou2019\\egg-news\\app\\router.js": {"path":"C:\\vipdata\\vipproject\\jiagou2019\\egg-news\\app\\router.js","statementMap":{"0":{"start":{"line":2,"column":0},"end":{"line":9,"column":1}},"1":{"start":{"line":4,"column":30},"end":{"line":4,"column":33}},"2":{"start":{"line":5,"column":2},"end":{"line":5,"column":44}},"3":{"start":{"line":6,"column":2},"end":{"line":6,"column":54}},"4":{"start":{"line":7,"column":2},"end":{"line":7,"column":42}},"5":{"start":{"line":8,"column":2},"end":{"line":8,"column":47}}},"fnMap":{"0":{"name":"(anonymous_0)","decl":{"start":{"line":2,"column":17},"end":{"line":2,"column":18}},"loc":{"start":{"line":2,"column":24},"end":{"line":9,"column":1}},"line":2}},"branchMap":{},"s":{"0":1,"1":1,"2":1,"3":1,"4":1,"5":1},"f":{"0":1},"b":{},"_coverageSchema":"43e27e138ebf9cfc5966b082cf9a028302ed4184","hash":"6f0930e181ec5321fc122b2a6363bb3b65c9bcc7","contentHash":"edd83429e5a4fa3a249339b7423b54ad89b8c8e2eeb2ba57108bb6d0c88562ac"}
,"C:\\vipdata\\vipproject\\jiagou2019\\egg-news\\app\\controller\\admin.js": {"path":"C:\\vipdata\\vipproject\\jiagou2019\\egg-news\\app\\controller\\admin.js","statementMap":{"0":{"start":{"line":1,"column":21},"end":{"line":1,"column":35}},"1":{"start":{"line":2,"column":12},"end":{"line":2,"column":14}},"2":{"start":{"line":5,"column":8},"end":{"line":5,"column":46}},"3":{"start":{"line":8,"column":20},"end":{"line":8,"column":24}},"4":{"start":{"line":9,"column":19},"end":{"line":9,"column":35}},"5":{"start":{"line":10,"column":8},"end":{"line":10,"column":62}},"6":{"start":{"line":11,"column":8},"end":{"line":11,"column":25}},"7":{"start":{"line":12,"column":8},"end":{"line":12,"column":24}},"8":{"start":{"line":15,"column":0},"end":{"line":15,"column":33}}},"fnMap":{"0":{"name":"(anonymous_0)","decl":{"start":{"line":4,"column":4},"end":{"line":4,"column":5}},"loc":{"start":{"line":4,"column":15},"end":{"line":6,"column":5}},"line":4},"1":{"name":"(anonymous_1)","decl":{"start":{"line":7,"column":4},"end":{"line":7,"column":5}},"loc":{"start":{"line":7,"column":17},"end":{"line":13,"column":5}},"line":7}},"branchMap":{"0":{"loc":{"start":{"line":10,"column":18},"end":{"line":10,"column":61}},"type":"cond-expr","locations":[{"start":{"line":10,"column":33},"end":{"line":10,"column":59}},{"start":{"line":10,"column":60},"end":{"line":10,"column":61}}],"line":10}},"s":{"0":1,"1":1,"2":0,"3":0,"4":0,"5":0,"6":0,"7":0,"8":1},"f":{"0":0,"1":0},"b":{"0":[0,0]},"_coverageSchema":"43e27e138ebf9cfc5966b082cf9a028302ed4184","hash":"f74a003d6c487d952202c6bf2326e8d40345ffd5","contentHash":"4cd08fce68b9370acf654286d96037bc171131994da32f3ada1145e66dd67f03"}
,"C:\\vipdata\\vipproject\\jiagou2019\\egg-news\\app\\controller\\news.js": {"path":"C:\\vipdata\\vipproject\\jiagou2019\\egg-news\\app\\controller\\news.js","statementMap":{"0":{"start":{"line":1,"column":21},"end":{"line":1,"column":35}},"1":{"start":{"line":5,"column":27},"end":{"line":5,"column":31}},"2":{"start":{"line":7,"column":21},"end":{"line":7,"column":75}},"3":{"start":{"line":8,"column":18},"end":{"line":8,"column":76}},"4":{"start":{"line":13,"column":19},"end":{"line":13,"column":61}},"5":{"start":{"line":16,"column":7},"end":{"line":16,"column":56}},"6":{"start":{"line":19,"column":0},"end":{"line":19,"column":32}}},"fnMap":{"0":{"name":"(anonymous_0)","decl":{"start":{"line":4,"column":4},"end":{"line":4,"column":5}},"loc":{"start":{"line":4,"column":17},"end":{"line":17,"column":5}},"line":4}},"branchMap":{"0":{"loc":{"start":{"line":7,"column":21},"end":{"line":7,"column":75}},"type":"cond-expr","locations":[{"start":{"line":7,"column":46},"end":{"line":7,"column":47}},{"start":{"line":7,"column":48},"end":{"line":7,"column":75}}],"line":7},"1":{"loc":{"start":{"line":13,"column":19},"end":{"line":13,"column":61}},"type":"cond-expr","locations":[{"start":{"line":13,"column":34},"end":{"line":13,"column":54}},{"start":{"line":13,"column":55},"end":{"line":13,"column":61}}],"line":13}},"s":{"0":1,"1":0,"2":0,"3":0,"4":0,"5":0,"6":1},"f":{"0":0},"b":{"0":[0,0],"1":[0,0]},"_coverageSchema":"43e27e138ebf9cfc5966b082cf9a028302ed4184","hash":"f3215c1199180c0494439209f7ed83bf65765a2f","contentHash":"e6a2dfb31c0d46baa2e6b3a18c07293e5052122f486b3e453f0f827d12873663"}
,"C:\\vipdata\\vipproject\\jiagou2019\\egg-news\\app\\controller\\users.js": {"path":"C:\\vipdata\\vipproject\\jiagou2019\\egg-news\\app\\controller\\users.js","statementMap":{"0":{"start":{"line":1,"column":21},"end":{"line":1,"column":35}},"1":{"start":{"line":3,"column":4},"end":{"line":5,"column":5}},"2":{"start":{"line":4,"column":8},"end":{"line":4,"column":19}},"3":{"start":{"line":6,"column":4},"end":{"line":6,"column":21}},"4":{"start":{"line":6,"column":12},"end":{"line":6,"column":21}},"5":{"start":{"line":7,"column":4},"end":{"line":7,"column":31}},"6":{"start":{"line":11,"column":22},"end":{"line":11,"column":26}},"7":{"start":{"line":12,"column":29},"end":{"line":12,"column":38}},"8":{"start":{"line":13,"column":20},"end":{"line":13,"column":61}},"9":{"start":{"line":14,"column":8},"end":{"line":14,"column":55}},"10":{"start":{"line":17,"column":22},"end":{"line":17,"column":26}},"11":{"start":{"line":18,"column":8},"end":{"line":18,"column":71}},"12":{"start":{"line":22,"column":20},"end":{"line":22,"column":24}},"13":{"start":{"line":23,"column":33},"end":{"line":23,"column":49}},"14":{"start":{"line":24,"column":19},"end":{"line":24,"column":64}},"15":{"start":{"line":26,"column":8},"end":{"line":26,"column":25}},"16":{"start":{"line":27,"column":8},"end":{"line":27,"column":24}},"17":{"start":{"line":30,"column":20},"end":{"line":30,"column":24}},"18":{"start":{"line":31,"column":17},"end":{"line":31,"column":37}},"19":{"start":{"line":32,"column":19},"end":{"line":32,"column":52}},"20":{"start":{"line":33,"column":8},"end":{"line":36,"column":9}},"21":{"start":{"line":34,"column":12},"end":{"line":34,"column":29}},"22":{"start":{"line":35,"column":12},"end":{"line":35,"column":19}},"23":{"start":{"line":37,"column":31},"end":{"line":37,"column":47}},"24":{"start":{"line":38,"column":8},"end":{"line":38,"column":44}},"25":{"start":{"line":39,"column":8},"end":{"line":39,"column":24}},"26":{"start":{"line":42,"column":21},"end":{"line":42,"column":25}},"27":{"start":{"line":43,"column":17},"end":{"line":43,"column":37}},"28":{"start":{"line":44,"column":19},"end":{"line":44,"column":52}},"29":{"start":{"line":45,"column":8},"end":{"line":48,"column":9}},"30":{"start":{"line":46,"column":12},"end":{"line":46,"column":29}},"31":{"start":{"line":47,"column":12},"end":{"line":47,"column":19}},"32":{"start":{"line":49,"column":8},"end":{"line":49,"column":29}},"33":{"start":{"line":50,"column":8},"end":{"line":50,"column":25}},"34":{"start":{"line":53,"column":0},"end":{"line":53,"column":33}}},"fnMap":{"0":{"name":"toInt","decl":{"start":{"line":2,"column":9},"end":{"line":2,"column":14}},"loc":{"start":{"line":2,"column":19},"end":{"line":8,"column":1}},"line":2},"1":{"name":"(anonymous_1)","decl":{"start":{"line":10,"column":4},"end":{"line":10,"column":5}},"loc":{"start":{"line":10,"column":17},"end":{"line":15,"column":5}},"line":10},"2":{"name":"(anonymous_2)","decl":{"start":{"line":16,"column":4},"end":{"line":16,"column":5}},"loc":{"start":{"line":16,"column":16},"end":{"line":19,"column":5}},"line":16},"3":{"name":"(anonymous_3)","decl":{"start":{"line":21,"column":4},"end":{"line":21,"column":5}},"loc":{"start":{"line":21,"column":18},"end":{"line":28,"column":5}},"line":21},"4":{"name":"(anonymous_4)","decl":{"start":{"line":29,"column":4},"end":{"line":29,"column":5}},"loc":{"start":{"line":29,"column":18},"end":{"line":40,"column":5}},"line":29},"5":{"name":"(anonymous_5)","decl":{"start":{"line":41,"column":4},"end":{"line":41,"column":5}},"loc":{"start":{"line":41,"column":19},"end":{"line":51,"column":5}},"line":41}},"branchMap":{"0":{"loc":{"start":{"line":3,"column":4},"end":{"line":5,"column":5}},"type":"if","locations":[{"start":{"line":3,"column":4},"end":{"line":5,"column":5}},{"start":{"line":3,"column":4},"end":{"line":5,"column":5}}],"line":3},"1":{"loc":{"start":{"line":6,"column":4},"end":{"line":6,"column":21}},"type":"if","locations":[{"start":{"line":6,"column":4},"end":{"line":6,"column":21}},{"start":{"line":6,"column":4},"end":{"line":6,"column":21}}],"line":6},"2":{"loc":{"start":{"line":7,"column":11},"end":{"line":7,"column":30}},"type":"binary-expr","locations":[{"start":{"line":7,"column":11},"end":{"line":7,"column":27}},{"start":{"line":7,"column":29},"end":{"line":7,"column":30}}],"line":7},"3":{"loc":{"start":{"line":33,"column":8},"end":{"line":36,"column":9}},"type":"if","locations":[{"start":{"line":33,"column":8},"end":{"line":36,"column":9}},{"start":{"line":33,"column":8},"end":{"line":36,"column":9}}],"line":33},"4":{"loc":{"start":{"line":45,"column":8},"end":{"line":48,"column":9}},"type":"if","locations":[{"start":{"line":45,"column":8},"end":{"line":48,"column":9}},{"start":{"line":45,"column":8},"end":{"line":48,"column":9}}],"line":45}},"s":{"0":1,"1":5,"2":0,"3":5,"4":0,"5":5,"6":1,"7":1,"8":1,"9":1,"10":2,"11":2,"12":1,"13":1,"14":1,"15":1,"16":1,"17":0,"18":0,"19":0,"20":0,"21":0,"22":0,"23":0,"24":0,"25":0,"26":1,"27":1,"28":1,"29":1,"30":0,"31":0,"32":1,"33":1,"34":1},"f":{"0":5,"1":1,"2":2,"3":1,"4":0,"5":1},"b":{"0":[0,5],"1":[0,5],"2":[5,0],"3":[0,0],"4":[0,1]},"_coverageSchema":"43e27e138ebf9cfc5966b082cf9a028302ed4184","hash":"017d8e806e85de2a7b79633b0a79bd5b455faa9a","contentHash":"6cd20f6c997366cd90bcf3d2059dee046f3388205a1856a5b02e181e7d86bca7"}
,"C:\\vipdata\\vipproject\\jiagou2019\\egg-news\\app\\extend\\application.js": {"path":"C:\\vipdata\\vipproject\\jiagou2019\\egg-news\\app\\extend\\application.js","statementMap":{"0":{"start":{"line":2,"column":16},"end":{"line":2,"column":18}},"1":{"start":{"line":3,"column":0},"end":{"line":10,"column":1}},"2":{"start":{"line":5,"column":8},"end":{"line":5,"column":30}},"3":{"start":{"line":8,"column":8},"end":{"line":8,"column":29}}},"fnMap":{"0":{"name":"(anonymous_0)","decl":{"start":{"line":4,"column":4},"end":{"line":4,"column":5}},"loc":{"start":{"line":4,"column":12},"end":{"line":6,"column":5}},"line":4},"1":{"name":"(anonymous_1)","decl":{"start":{"line":7,"column":4},"end":{"line":7,"column":5}},"loc":{"start":{"line":7,"column":16},"end":{"line":9,"column":5}},"line":7}},"branchMap":{},"s":{"0":1,"1":1,"2":0,"3":0},"f":{"0":0,"1":0},"b":{},"_coverageSchema":"43e27e138ebf9cfc5966b082cf9a028302ed4184","hash":"8f31ff4fb5c9a0c5b04666f6d1c87b47f1ab25d7","contentHash":"d802f91dc5b88d81d729bdda884ded87f2a12c850931e15cbdca5e060abf6440"}
,"C:\\vipdata\\vipproject\\jiagou2019\\egg-news\\app\\extend\\context.js": {"path":"C:\\vipdata\\vipproject\\jiagou2019\\egg-news\\app\\extend\\context.js","statementMap":{"0":{"start":{"line":2,"column":0},"end":{"line":4,"column":1}},"1":{"start":{"line":3,"column":4},"end":{"line":3,"column":39}}},"fnMap":{"0":{"name":"(anonymous_0)","decl":{"start":{"line":2,"column":14},"end":{"line":2,"column":15}},"loc":{"start":{"line":2,"column":24},"end":{"line":4,"column":1}},"line":2}},"branchMap":{},"s":{"0":1,"1":0},"f":{"0":0},"b":{},"_coverageSchema":"43e27e138ebf9cfc5966b082cf9a028302ed4184","hash":"1ba17b9d7ef69b42b8ee91b2355e2b412d4b4292","contentHash":"7efa1e2a123d30aeccf50fa3152e752afa70f6b1608647f1e65a58a2114d2e1e"}
,"C:\\vipdata\\vipproject\\jiagou2019\\egg-news\\app\\extend\\helper.js": {"path":"C:\\vipdata\\vipproject\\jiagou2019\\egg-news\\app\\extend\\helper.js","statementMap":{"0":{"start":{"line":1,"column":13},"end":{"line":1,"column":30}},"1":{"start":{"line":2,"column":0},"end":{"line":2,"column":23}},"2":{"start":{"line":3,"column":0},"end":{"line":3,"column":54}},"3":{"start":{"line":3,"column":23},"end":{"line":3,"column":53}},"4":{"start":{"line":5,"column":0},"end":{"line":12,"column":1}},"5":{"start":{"line":6,"column":11},"end":{"line":6,"column":42}},"6":{"start":{"line":7,"column":1},"end":{"line":11,"column":2}},"7":{"start":{"line":8,"column":4},"end":{"line":8,"column":27}},"8":{"start":{"line":10,"column":4},"end":{"line":10,"column":26}}},"fnMap":{"0":{"name":"(anonymous_0)","decl":{"start":{"line":3,"column":18},"end":{"line":3,"column":19}},"loc":{"start":{"line":3,"column":23},"end":{"line":3,"column":53}},"line":3},"1":{"name":"(anonymous_1)","decl":{"start":{"line":5,"column":16},"end":{"line":5,"column":17}},"loc":{"start":{"line":5,"column":32},"end":{"line":12,"column":1}},"line":5}},"branchMap":{"0":{"loc":{"start":{"line":7,"column":1},"end":{"line":11,"column":2}},"type":"if","locations":[{"start":{"line":7,"column":1},"end":{"line":11,"column":2}},{"start":{"line":7,"column":1},"end":{"line":11,"column":2}}],"line":7}},"s":{"0":1,"1":1,"2":1,"3":0,"4":1,"5":0,"6":0,"7":0,"8":0},"f":{"0":0,"1":0},"b":{"0":[0,0]},"_coverageSchema":"43e27e138ebf9cfc5966b082cf9a028302ed4184","hash":"0732a1be8a2f5a557c0970614bcb92bced9d5253","contentHash":"9c32d3a25e82100e9aa2260999bf697474e99d310752f736a2afa863d7e63180"}
,"C:\\vipdata\\vipproject\\jiagou2019\\egg-news\\app\\extend\\request.js": {"path":"C:\\vipdata\\vipproject\\jiagou2019\\egg-news\\app\\extend\\request.js","statementMap":{"0":{"start":{"line":1,"column":0},"end":{"line":7,"column":1}},"1":{"start":{"line":3,"column":8},"end":{"line":3,"column":33}},"2":{"start":{"line":4,"column":24},"end":{"line":4,"column":60}},"3":{"start":{"line":5,"column":8},"end":{"line":5,"column":44}}},"fnMap":{"0":{"name":"(anonymous_0)","decl":{"start":{"line":2,"column":4},"end":{"line":2,"column":5}},"loc":{"start":{"line":2,"column":18},"end":{"line":6,"column":5}},"line":2}},"branchMap":{},"s":{"0":1,"1":0,"2":0,"3":0},"f":{"0":0},"b":{},"_coverageSchema":"43e27e138ebf9cfc5966b082cf9a028302ed4184","hash":"a285fd4f63f8d66c1c53cb1b03f922177861f3c7","contentHash":"d77b76c95c3e0d5bde3981711a41cb9203e78692c6e57a89d40608d767b1ee3e"}
,"C:\\vipdata\\vipproject\\jiagou2019\\egg-news\\app\\extend\\response.js": {"path":"C:\\vipdata\\vipproject\\jiagou2019\\egg-news\\app\\extend\\response.js","statementMap":{"0":{"start":{"line":1,"column":0},"end":{"line":5,"column":1}},"1":{"start":{"line":3,"column":8},"end":{"line":3,"column":35}}},"fnMap":{"0":{"name":"(anonymous_0)","decl":{"start":{"line":2,"column":4},"end":{"line":2,"column":5}},"loc":{"start":{"line":2,"column":19},"end":{"line":4,"column":5}},"line":2}},"branchMap":{},"s":{"0":1,"1":0},"f":{"0":0},"b":{},"_coverageSchema":"43e27e138ebf9cfc5966b082cf9a028302ed4184","hash":"93f33b8dcc8d2f3d3dd91949cb6c219f20cb896c","contentHash":"89694db02449d702a3fc3d1c75b8a382e088ec06b5c096f2e3ed361c8d17ff01"}
,"C:\\vipdata\\vipproject\\jiagou2019\\egg-news\\app\\middleware\\robot.js": {"path":"C:\\vipdata\\vipproject\\jiagou2019\\egg-news\\app\\middleware\\robot.js","statementMap":{"0":{"start":{"line":1,"column":0},"end":{"line":15,"column":1}},"1":{"start":{"line":2,"column":3},"end":{"line":14,"column":4}},"2":{"start":{"line":5,"column":21},"end":{"line":5,"column":42}},"3":{"start":{"line":7,"column":19},"end":{"line":7,"column":58}},"4":{"start":{"line":7,"column":39},"end":{"line":7,"column":57}},"5":{"start":{"line":8,"column":5},"end":{"line":13,"column":6}},"6":{"start":{"line":9,"column":8},"end":{"line":9,"column":25}},"7":{"start":{"line":10,"column":8},"end":{"line":10,"column":33}},"8":{"start":{"line":12,"column":9},"end":{"line":12,"column":22}}},"fnMap":{"0":{"name":"(anonymous_0)","decl":{"start":{"line":1,"column":17},"end":{"line":1,"column":18}},"loc":{"start":{"line":1,"column":32},"end":{"line":15,"column":1}},"line":1},"1":{"name":"(anonymous_1)","decl":{"start":{"line":2,"column":10},"end":{"line":2,"column":11}},"loc":{"start":{"line":2,"column":34},"end":{"line":14,"column":4}},"line":2},"2":{"name":"(anonymous_2)","decl":{"start":{"line":7,"column":35},"end":{"line":7,"column":36}},"loc":{"start":{"line":7,"column":39},"end":{"line":7,"column":57}},"line":7}},"branchMap":{"0":{"loc":{"start":{"line":8,"column":5},"end":{"line":13,"column":6}},"type":"if","locations":[{"start":{"line":8,"column":5},"end":{"line":13,"column":6}},{"start":{"line":8,"column":5},"end":{"line":13,"column":6}}],"line":8}},"s":{"0":1,"1":1,"2":5,"3":5,"4":5,"5":5,"6":0,"7":0,"8":5},"f":{"0":1,"1":5,"2":5},"b":{"0":[0,5]},"_coverageSchema":"43e27e138ebf9cfc5966b082cf9a028302ed4184","hash":"59e0f5b064a6d4722ac636104a194d5ee138337c","contentHash":"bf3d6ebcd0a53a12b613e0cb3676d605d21511f2c48e27a9a3162d64b91e9d1d"}
,"C:\\vipdata\\vipproject\\jiagou2019\\egg-news\\app\\model\\user.js": {"path":"C:\\vipdata\\vipproject\\jiagou2019\\egg-news\\app\\model\\user.js","statementMap":{"0":{"start":{"line":1,"column":0},"end":{"line":12,"column":1}},"1":{"start":{"line":2,"column":34},"end":{"line":2,"column":47}},"2":{"start":{"line":4,"column":4},"end":{"line":11,"column":7}}},"fnMap":{"0":{"name":"(anonymous_0)","decl":{"start":{"line":1,"column":17},"end":{"line":1,"column":18}},"loc":{"start":{"line":1,"column":22},"end":{"line":12,"column":1}},"line":1}},"branchMap":{},"s":{"0":1,"1":2,"2":2},"f":{"0":2},"b":{},"_coverageSchema":"43e27e138ebf9cfc5966b082cf9a028302ed4184","hash":"1f86b010318a93f1a1d7ad3e0192bf269e49430e","contentHash":"e052c1d4ed70686a9d3f17fc6049e5d0cea4de825999efabc09b6f1338ad1d49"}
,"C:\\vipdata\\vipproject\\jiagou2019\\egg-news\\app\\schedule\\update_cache.js": {"path":"C:\\vipdata\\vipproject\\jiagou2019\\egg-news\\app\\schedule\\update_cache.js","statementMap":{"0":{"start":{"line":1,"column":23},"end":{"line":1,"column":37}},"1":{"start":{"line":7,"column":8},"end":{"line":10,"column":9}},"2":{"start":{"line":14,"column":24},"end":{"line":14,"column":84}},"3":{"start":{"line":15,"column":7},"end":{"line":15,"column":42}},"4":{"start":{"line":18,"column":0},"end":{"line":18,"column":29}}},"fnMap":{"0":{"name":"(anonymous_0)","decl":{"start":{"line":6,"column":4},"end":{"line":6,"column":5}},"loc":{"start":{"line":6,"column":25},"end":{"line":11,"column":5}},"line":6},"1":{"name":"(anonymous_1)","decl":{"start":{"line":13,"column":4},"end":{"line":13,"column":5}},"loc":{"start":{"line":13,"column":21},"end":{"line":16,"column":5}},"line":13}},"branchMap":{},"s":{"0":1,"1":6,"2":0,"3":0,"4":1},"f":{"0":6,"1":0},"b":{},"_coverageSchema":"43e27e138ebf9cfc5966b082cf9a028302ed4184","hash":"8419d60b5f1eb90b534e6184ac2b7b453e6f42dd","contentHash":"a4a01ddd79f53da033a8922d2180c51bd2587c027cc5fc0e4fdbf2d5f7e160af"}
,"C:\\vipdata\\vipproject\\jiagou2019\\egg-news\\app\\service\\news.js": {"path":"C:\\vipdata\\vipproject\\jiagou2019\\egg-news\\app\\service\\news.js","statementMap":{"0":{"start":{"line":1,"column":18},"end":{"line":1,"column":32}},"1":{"start":{"line":4,"column":22},"end":{"line":4,"column":26}},"2":{"start":{"line":12,"column":22},"end":{"line":12,"column":69}},"3":{"start":{"line":14,"column":8},"end":{"line":14,"column":22}},"4":{"start":{"line":17,"column":0},"end":{"line":17,"column":29}}},"fnMap":{"0":{"name":"(anonymous_0)","decl":{"start":{"line":3,"column":4},"end":{"line":3,"column":5}},"loc":{"start":{"line":3,"column":34},"end":{"line":15,"column":5}},"line":3}},"branchMap":{"0":{"loc":{"start":{"line":3,"column":15},"end":{"line":3,"column":24}},"type":"default-arg","locations":[{"start":{"line":3,"column":23},"end":{"line":3,"column":24}}],"line":3}},"s":{"0":1,"1":0,"2":0,"3":0,"4":1},"f":{"0":0},"b":{"0":[0]},"_coverageSchema":"43e27e138ebf9cfc5966b082cf9a028302ed4184","hash":"9b56d533fe2fe5103bee59d96a1262f860b86c92","contentHash":"99bae0dd4f041c5a191aae6d69b811d7c703098994a9cc65df6083a4a7471da7"}
,"C:\\vipdata\\vipproject\\jiagou2019\\egg-news\\config\\config.default.js": {"path":"C:\\vipdata\\vipproject\\jiagou2019\\egg-news\\config\\config.default.js","statementMap":{"0":{"start":{"line":4,"column":0},"end":{"line":54,"column":1}},"1":{"start":{"line":5,"column":17},"end":{"line":5,"column":19}},"2":{"start":{"line":6,"column":4},"end":{"line":6,"column":33}},"3":{"start":{"line":7,"column":4},"end":{"line":7,"column":28}},"4":{"start":{"line":8,"column":4},"end":{"line":11,"column":5}},"5":{"start":{"line":12,"column":4},"end":{"line":14,"column":5}},"6":{"start":{"line":16,"column":4},"end":{"line":22,"column":5}},"7":{"start":{"line":23,"column":4},"end":{"line":32,"column":5}},"8":{"start":{"line":33,"column":4},"end":{"line":39,"column":5}},"9":{"start":{"line":40,"column":4},"end":{"line":42,"column":5}},"10":{"start":{"line":43,"column":4},"end":{"line":45,"column":5}},"11":{"start":{"line":47,"column":4},"end":{"line":49,"column":5}},"12":{"start":{"line":50,"column":4},"end":{"line":52,"column":5}},"13":{"start":{"line":53,"column":4},"end":{"line":53,"column":18}}},"fnMap":{"0":{"name":"(anonymous_0)","decl":{"start":{"line":4,"column":17},"end":{"line":4,"column":18}},"loc":{"start":{"line":4,"column":22},"end":{"line":54,"column":1}},"line":4}},"branchMap":{},"s":{"0":1,"1":4,"2":4,"3":4,"4":4,"5":4,"6":4,"7":4,"8":4,"9":4,"10":4,"11":4,"12":4,"13":4},"f":{"0":4},"b":{},"_coverageSchema":"43e27e138ebf9cfc5966b082cf9a028302ed4184","hash":"8b3c4066ab698507abc4c549e529e174b0682d72","contentHash":"14b60bbd75b451a7771c42e3757a2f6ffe0745dabe70233b48a657c09301b6c3"}
,"C:\\vipdata\\vipproject\\jiagou2019\\egg-news\\config\\plugin.js": {"path":"C:\\vipdata\\vipproject\\jiagou2019\\egg-news\\config\\plugin.js","statementMap":{"0":{"start":{"line":1,"column":0},"end":{"line":4,"column":1}},"1":{"start":{"line":5,"column":0},"end":{"line":8,"column":1}},"2":{"start":{"line":10,"column":0},"end":{"line":13,"column":1}}},"fnMap":{},"branchMap":{},"s":{"0":1,"1":1,"2":1},"f":{},"b":{},"_coverageSchema":"43e27e138ebf9cfc5966b082cf9a028302ed4184","hash":"c2e6aac5d0fc974e82b1ea1f5f2bd6e001fc7b2d","contentHash":"f108c23b8f30751ce030a598345376a9cf6a078a8154bea88489226d6cd55104"}
,"C:\\vipdata\\vipproject\\jiagou2019\\egg-news\\config\\locale\\en-US.js": {"path":"C:\\vipdata\\vipproject\\jiagou2019\\egg-news\\config\\locale\\en-US.js","statementMap":{"0":{"start":{"line":1,"column":0},"end":{"line":5,"column":1}}},"fnMap":{},"branchMap":{},"s":{"0":1},"f":{},"b":{},"_coverageSchema":"43e27e138ebf9cfc5966b082cf9a028302ed4184","hash":"d7ea612ce4069e11ad5cd0825a07034afb979f8c","contentHash":"125b4adbbef60e84c934f092cbaf986b3454394002e2604f9e1d69f2ee0fda86"}
,"C:\\vipdata\\vipproject\\jiagou2019\\egg-news\\config\\locale\\zh-CN.js": {"path":"C:\\vipdata\\vipproject\\jiagou2019\\egg-news\\config\\locale\\zh-CN.js","statementMap":{"0":{"start":{"line":1,"column":0},"end":{"line":5,"column":1}}},"fnMap":{},"branchMap":{},"s":{"0":1},"f":{},"b":{},"_coverageSchema":"43e27e138ebf9cfc5966b082cf9a028302ed4184","hash":"a272eee38bc68be2a18236a28c726123d60378fb","contentHash":"7d50366d4235b69e216924b17d272ea3c4e575f7afe7a7fe0cee3a55c35b9e9a"}
}
